<?xml version="1.0" encoding="UTF-8"?>
<testng-results total="1" passed="1" failed="0" skipped="0">
  <reporter-output>
    <line>
      <![CDATA[<div "featureFile">Feature File: features&#x2F;GoogleFooterLinkTest.feature</div>]]>
    </line>
    <line>
      <![CDATA[<div "feature">Feature: Google Footer links Checkup</div>]]>
    </line>
    <line>
      <![CDATA[<div "scenarioOutline">Scenario Outline: Selecting different footer links and checking the corresponding page</div>]]>
    </line>
    <line>
      <![CDATA[<div "result">When  I select &quot;&lt;footerLink_text&gt;&quot; link in the Google footer (passed : 1s)</div>]]>
    </line>
    <line>
      <![CDATA[<div "result">Then  I verified the selected Google page by the existence of the &quot;&lt;linkedPage_text&gt;&quot; text (passed : 0s)</div>]]>
    </line>
    <line>
      <![CDATA[<div "scenario">Scenario Outline: Selecting different footer links and checking the corresponding page</div>]]>
    </line>
    <line>
      <![CDATA[<div "result">Given  I launch the Google home page url (passed : 0s)</div>]]>
    </line>
    <line>
      <![CDATA[<div "result">And  I scroll down to the end of the page (passed : 2s)</div>]]>
    </line>
    <line>
      <![CDATA[<div "result">When  I select &quot;Privacy&quot; link in the Google footer (passed : 1s)</div>]]>
    </line>
    <line>
      <![CDATA[<div "result">Then  I verified the selected Google page by the existence of the &quot;This Privacy Policy is meant to help you understand what information we collect&quot; text (passed : 0s)</div>]]>
    </line>
    <line>
      <![CDATA[<div "scenario">Scenario Outline: Selecting different footer links and checking the corresponding page</div>]]>
    </line>
    <line>
      <![CDATA[<div "result">Given  I launch the Google home page url (passed : 0s)</div>]]>
    </line>
    <line>
      <![CDATA[<div "result">And  I scroll down to the end of the page (passed : 2s)</div>]]>
    </line>
    <line>
      <![CDATA[<div "scenarioOutline">Scenario Outline: Selecting different sublinks on the Google Terms footer link</div>]]>
    </line>
    <line>
      <![CDATA[<div "result">When  I select &quot;Terms&quot; link in the Google footer (passed : 1s)</div>]]>
    </line>
    <line>
      <![CDATA[<div "result">Then  I verified the selected Google page by the existence of the &quot;Google Terms of Service&quot; text (passed : 0s)</div>]]>
    </line>
    <line>
      <![CDATA[<div "scenario">Scenario Outline: Selecting different sublinks on the Google Terms footer link</div>]]>
    </line>
    <line>
      <![CDATA[<div "result">Given  I select the Terms link in the Google footer (passed : 0s)</div>]]>
    </line>
    <line>
      <![CDATA[<div "result">When  I click on a specific Terms of Service &quot;&lt;terms_Service&gt;&quot; link (passed : 0s)</div>]]>
    </line>
    <line>
      <![CDATA[<div "result">Then  I verified the selected &quot;&lt;terms_Service_Page&gt;&quot; detail (passed : 2s)</div>]]>
    </line>
    <line>
      <![CDATA[<div "result">Given  I launch the Google home page url (passed : 2s)</div>]]>
    </line>
    <line>
      <![CDATA[<div "result">And  I scroll down to the end of the page (passed : 0s)</div>]]>
    </line>
    <line>
      <![CDATA[<div "scenario">Scenario Outline: Selecting different sublinks on the Google Terms footer link</div>]]>
    </line>
    <line>
      <![CDATA[<div "result">Given  I select the Terms link in the Google footer (passed : 0s)</div>]]>
    </line>
    <line>
      <![CDATA[<div "result">When  I click on a specific Terms of Service &quot;Using our Services&quot; link (passed : 0s)</div>]]>
    </line>
    <line>
      <![CDATA[<div "result">Then  I verified the selected &quot;You must follow any policies made available&quot; detail (passed : 2s)</div>]]>
    </line>
    <line>
      <![CDATA[<div "result">Given  I launch the Google home page url (passed : 1s)</div>]]>
    </line>
    <line>
      <![CDATA[<div "result">And  I scroll down to the end of the page (passed : 0s)</div>]]>
    </line>
    <line>
      <![CDATA[<div "scenario">Scenario Outline: Selecting different sublinks on the Google Terms footer link</div>]]>
    </line>
    <line>
      <![CDATA[<div "result">Given  I select the Terms link in the Google footer (passed : 0s)</div>]]>
    </line>
    <line>
      <![CDATA[<div "result">When  I click on a specific Terms of Service &quot;Your Google Account&quot; link (passed : 0s)</div>]]>
    </line>
    <line>
      <![CDATA[<div "result">Then  I verified the selected &quot;You may need a Google Account in order&quot; detail (passed : 2s)</div>]]>
    </line>
    <line>
      <![CDATA[<div "result">Given  I launch the Google home page url (passed : 2s)</div>]]>
    </line>
    <line>
      <![CDATA[<div "result">And  I scroll down to the end of the page (passed : 0s)</div>]]>
    </line>
    <line>
      <![CDATA[<div "scenario">Scenario Outline: Selecting different sublinks on the Google Terms footer link</div>]]>
    </line>
    <line>
      <![CDATA[<div "result">Given  I select the Terms link in the Google footer (passed : 0s)</div>]]>
    </line>
    <line>
      <![CDATA[<div "result">When  I click on a specific Terms of Service &quot;Privacy and Copyright Protection&quot; link (passed : 0s)</div>]]>
    </line>
    <line>
      <![CDATA[<div "result">Then  I verified the selected &quot;We respond to notices of alleged copyright infringement&quot; detail (passed : 2s)</div>]]>
    </line>
    <line>
      <![CDATA[<div "result">Given  I launch the Google home page url (passed : 1s)</div>]]>
    </line>
    <line>
      <![CDATA[<div "result">And  I scroll down to the end of the page (passed : 0s)</div>]]>
    </line>
    <line>
      <![CDATA[<div "scenario">Scenario Outline: Selecting different sublinks on the Google Terms footer link</div>]]>
    </line>
    <line>
      <![CDATA[<div "result">Given  I select the Terms link in the Google footer (passed : 0s)</div>]]>
    </line>
    <line>
      <![CDATA[<div "result">When  I click on a specific Terms of Service &quot;Your Content in our Services&quot; link (passed : 0s)</div>]]>
    </line>
    <line>
      <![CDATA[<div "result">Then  I verified the selected &quot;you upload, submit, store, send or receive content&quot; detail (passed : 2s)</div>]]>
    </line>
    <line>
      <![CDATA[<div "result">Given  I launch the Google home page url (passed : 4s)</div>]]>
    </line>
    <line>
      <![CDATA[<div "result">And  I scroll down to the end of the page (passed : 0s)</div>]]>
    </line>
    <line>
      <![CDATA[<div "scenario">Scenario Outline: Selecting different sublinks on the Google Terms footer link</div>]]>
    </line>
    <line>
      <![CDATA[<div "result">Given  I select the Terms link in the Google footer (passed : 0s)</div>]]>
    </line>
    <line>
      <![CDATA[<div "result">When  I click on a specific Terms of Service &quot;About Software in our Services&quot; link (passed : 0s)</div>]]>
    </line>
    <line>
      <![CDATA[<div "result">Then  I verified the selected &quot;Google gives you a personal, worldwide&quot; detail (passed : 2s)</div>]]>
    </line>
    <line>
      <![CDATA[<div "result">Given  I launch the Google home page url (passed : 1s)</div>]]>
    </line>
    <line>
      <![CDATA[<div "result">And  I scroll down to the end of the page (passed : 0s)</div>]]>
    </line>
    <line>
      <![CDATA[<div "scenario">Scenario Outline: Selecting different sublinks on the Google Terms footer link</div>]]>
    </line>
    <line>
      <![CDATA[<div "result">Given  I select the Terms link in the Google footer (passed : 1s)</div>]]>
    </line>
    <line>
      <![CDATA[<div "result">When  I click on a specific Terms of Service &quot;Modifying and Terminating our Services&quot; link (passed : 0s)</div>]]>
    </line>
    <line>
      <![CDATA[<div "result">Then  I verified the selected &quot;We are constantly changing and improving our Services&quot; detail (passed : 2s)</div>]]>
    </line>
    <line>
      <![CDATA[<div "result">Given  I launch the Google home page url (passed : 2s)</div>]]>
    </line>
    <line>
      <![CDATA[<div "result">And  I scroll down to the end of the page (passed : 0s)</div>]]>
    </line>
    <line>
      <![CDATA[<div "scenario">Scenario Outline: Selecting different sublinks on the Google Terms footer link</div>]]>
    </line>
    <line>
      <![CDATA[<div "result">Given  I select the Terms link in the Google footer (passed : 0s)</div>]]>
    </line>
    <line>
      <![CDATA[<div "result">When  I click on a specific Terms of Service &quot;Our Warranties and Disclaimers&quot; link (passed : 0s)</div>]]>
    </line>
    <line>
      <![CDATA[<div "result">Then  I verified the selected &quot;We provide our Services using a commercially reasonable level of skill&quot; detail (passed : 2s)</div>]]>
    </line>
    <line>
      <![CDATA[<div "result">Given  I launch the Google home page url (passed : 1s)</div>]]>
    </line>
    <line>
      <![CDATA[<div "result">And  I scroll down to the end of the page (passed : 0s)</div>]]>
    </line>
    <line>
      <![CDATA[<div "scenario">Scenario Outline: Selecting different sublinks on the Google Terms footer link</div>]]>
    </line>
    <line>
      <![CDATA[<div "result">Given  I select the Terms link in the Google footer (passed : 0s)</div>]]>
    </line>
    <line>
      <![CDATA[<div "result">When  I click on a specific Terms of Service &quot;Liability for our Services&quot; link (passed : 0s)</div>]]>
    </line>
    <line>
      <![CDATA[<div "result">Then  I verified the selected &quot;TO THE EXTENT PERMITTED BY LAW&quot; detail (passed : 2s)</div>]]>
    </line>
    <line>
      <![CDATA[<div "result">Given  I launch the Google home page url (passed : 1s)</div>]]>
    </line>
    <line>
      <![CDATA[<div "result">And  I scroll down to the end of the page (passed : 0s)</div>]]>
    </line>
    <line>
      <![CDATA[<div "scenario">Scenario Outline: Selecting different sublinks on the Google Terms footer link</div>]]>
    </line>
    <line>
      <![CDATA[<div "result">Given  I select the Terms link in the Google footer (passed : 1s)</div>]]>
    </line>
    <line>
      <![CDATA[<div "result">When  I click on a specific Terms of Service &quot;Business uses of our Services&quot; link (passed : 0s)</div>]]>
    </line>
    <line>
      <![CDATA[<div "result">Then  I verified the selected &quot;If you are using our Services on behalf of a business&quot; detail (passed : 2s)</div>]]>
    </line>
    <line>
      <![CDATA[<div "result">Given  I launch the Google home page url (passed : 1s)</div>]]>
    </line>
    <line>
      <![CDATA[<div "result">And  I scroll down to the end of the page (passed : 0s)</div>]]>
    </line>
    <line>
      <![CDATA[<div "scenario">Scenario Outline: Selecting different sublinks on the Google Terms footer link</div>]]>
    </line>
    <line>
      <![CDATA[<div "result">Given  I select the Terms link in the Google footer (passed : 0s)</div>]]>
    </line>
    <line>
      <![CDATA[<div "result">When  I click on a specific Terms of Service &quot;About these Terms&quot; link (passed : 0s)</div>]]>
    </line>
    <line>
      <![CDATA[<div "result">Then  I verified the selected &quot;We may modify these terms or any additional terms&quot; detail (passed : 2s)</div>]]>
    </line>
    <line>
      <![CDATA[<div "scenarioOutline">Scenario Outline: Selecting different sublinks on the Google Technologies link</div>]]>
    </line>
    <line>
      <![CDATA[<div "result">Given  I launch the Google home page url (passed : 1s)</div>]]>
    </line>
    <line>
      <![CDATA[<div "result">And  I scroll down to the end of the page (passed : 0s)</div>]]>
    </line>
    <line>
      <![CDATA[<div "scenario">Scenario Outline: Selecting different sublinks on the Google Technologies link</div>]]>
    </line>
    <line>
      <![CDATA[<div "result">Given  I select the Terms link in the Google footer (passed : 0s)</div>]]>
    </line>
    <line>
      <![CDATA[<div "result">When  I click on a specific Terms of Service &quot;Updates&quot; link (passed : 0s)</div>]]>
    </line>
    <line>
      <![CDATA[<div "result">Then  I verified the selected &quot;Comparison&quot; detail (passed : 0s)</div>]]>
    </line>
    <line>
      <![CDATA[<div "result">Given  I select the Terms link in the Google footer (passed : 2s)</div>]]>
    </line>
    <line>
      <![CDATA[<div "result">When  I click on Technologies tab (passed : 1s)</div>]]>
    </line>
    <line>
      <![CDATA[<div "result">When  I click on a specific Technologies &quot;&lt;technologies&gt;&quot; link (passed : 0s)</div>]]>
    </line>
    <line>
      <![CDATA[<div "scenario">Scenario Outline: Selecting different sublinks on the Google Technologies link</div>]]>
    </line>
    <line>
      <![CDATA[<div "result">Then  I verified the selected &quot;&lt;technology_detail&gt;&quot; Technology detail (passed : 0s)</div>]]>
    </line>
    <line>
      <![CDATA[<div "result">Given  I launch the Google home page url (passed : 0s)</div>]]>
    </line>
    <line>
      <![CDATA[<div "result">And  I scroll down to the end of the page (passed : 0s)</div>]]>
    </line>
    <line>
      <![CDATA[<div "result">Given  I select the Terms link in the Google footer (passed : 2s)</div>]]>
    </line>
    <line>
      <![CDATA[<div "result">When  I click on Technologies tab (passed : 1s)</div>]]>
    </line>
    <line>
      <![CDATA[<div "result">When  I click on a specific Technologies &quot;Advertising&quot; link (passed : 0s)</div>]]>
    </line>
    <line>
      <![CDATA[<div "scenario">Scenario Outline: Selecting different sublinks on the Google Technologies link</div>]]>
    </line>
    <line>
      <![CDATA[<div "result">Then  I verified the selected &quot;Advertising keeps Google and many&quot; Technology detail (passed : 0s)</div>]]>
    </line>
    <line>
      <![CDATA[<div "result">Given  I launch the Google home page url (passed : 0s)</div>]]>
    </line>
    <line>
      <![CDATA[<div "result">And  I scroll down to the end of the page (passed : 0s)</div>]]>
    </line>
    <line>
      <![CDATA[<div "result">Given  I select the Terms link in the Google footer (passed : 2s)</div>]]>
    </line>
    <line>
      <![CDATA[<div "result">When  I click on Technologies tab (passed : 2s)</div>]]>
    </line>
    <line>
      <![CDATA[<div "result">When  I click on a specific Technologies &quot;How Google uses cookies&quot; link (passed : 0s)</div>]]>
    </line>
    <line>
      <![CDATA[<div "scenario">Scenario Outline: Selecting different sublinks on the Google Technologies link</div>]]>
    </line>
    <line>
      <![CDATA[<div "result">Then  I verified the selected &quot;A cookie is a small piece of text sent&quot; Technology detail (passed : 0s)</div>]]>
    </line>
    <line>
      <![CDATA[<div "result">Given  I launch the Google home page url (passed : 0s)</div>]]>
    </line>
    <line>
      <![CDATA[<div "result">And  I scroll down to the end of the page (passed : 0s)</div>]]>
    </line>
    <line>
      <![CDATA[<div "result">Given  I select the Terms link in the Google footer (passed : 2s)</div>]]>
    </line>
    <line>
      <![CDATA[<div "result">When  I click on Technologies tab (passed : 1s)</div>]]>
    </line>
    <line>
      <![CDATA[<div "result">When  I click on a specific Technologies &quot;How Google uses pattern recognition&quot; link (passed : 0s)</div>]]>
    </line>
    <line>
      <![CDATA[<div "scenario">Scenario Outline: Selecting different sublinks on the Google Technologies link</div>]]>
    </line>
    <line>
      <![CDATA[<div "result">Then  I verified the selected &quot;A computer might also be trained&quot; Technology detail (passed : 0s)</div>]]>
    </line>
    <line>
      <![CDATA[<div "result">Given  I launch the Google home page url (passed : 0s)</div>]]>
    </line>
    <line>
      <![CDATA[<div "result">And  I scroll down to the end of the page (passed : 0s)</div>]]>
    </line>
    <line>
      <![CDATA[<div "result">Given  I select the Terms link in the Google footer (passed : 2s)</div>]]>
    </line>
    <line>
      <![CDATA[<div "result">When  I click on Technologies tab (passed : 1s)</div>]]>
    </line>
    <line>
      <![CDATA[<div "result">When  I click on a specific Technologies &quot;Types of location data used by Google&quot; link (passed : 0s)</div>]]>
    </line>
    <line>
      <![CDATA[<div "scenario">Scenario Outline: Selecting different sublinks on the Google Technologies link</div>]]>
    </line>
    <line>
      <![CDATA[<div "result">Then  I verified the selected &quot;We may collect and use a few types&quot; Technology detail (passed : 0s)</div>]]>
    </line>
    <line>
      <![CDATA[<div "result">Given  I launch the Google home page url (passed : 0s)</div>]]>
    </line>
    <line>
      <![CDATA[<div "result">And  I scroll down to the end of the page (passed : 0s)</div>]]>
    </line>
    <line>
      <![CDATA[<div "result">Given  I select the Terms link in the Google footer (passed : 2s)</div>]]>
    </line>
    <line>
      <![CDATA[<div "result">When  I click on Technologies tab (passed : 1s)</div>]]>
    </line>
    <line>
      <![CDATA[<div "result">When  I click on a specific Technologies &quot;How Google uses credit card numbers for payments&quot; link (passed : 0s)</div>]]>
    </line>
    <line>
      <![CDATA[<div "scenario">Scenario Outline: Selecting different sublinks on the Google Technologies link</div>]]>
    </line>
    <line>
      <![CDATA[<div "result">Then  I verified the selected &quot;Google uses the credit card and debit card&quot; Technology detail (passed : 0s)</div>]]>
    </line>
    <line>
      <![CDATA[<div "result">Given  I launch the Google home page url (passed : 0s)</div>]]>
    </line>
    <line>
      <![CDATA[<div "result">And  I scroll down to the end of the page (passed : 0s)</div>]]>
    </line>
    <line>
      <![CDATA[<div "result">Given  I select the Terms link in the Google footer (passed : 2s)</div>]]>
    </line>
    <line>
      <![CDATA[<div "result">When  I click on Technologies tab (passed : 1s)</div>]]>
    </line>
    <line>
      <![CDATA[<div "result">When  I click on a specific Technologies &quot;How Google Voice works&quot; link (passed : 0s)</div>]]>
    </line>
    <line>
      <![CDATA[<div "scenario">Scenario Outline: Selecting different sublinks on the Google Technologies link</div>]]>
    </line>
    <line>
      <![CDATA[<div "result">Then  I verified the selected &quot;Google Voice stores&quot; Technology detail (passed : 0s)</div>]]>
    </line>
    <line>
      <![CDATA[<div "result">Given  I launch the Google home page url (passed : 0s)</div>]]>
    </line>
    <line>
      <![CDATA[<div "result">And  I scroll down to the end of the page (passed : 0s)</div>]]>
    </line>
    <line>
      <![CDATA[<div "result">Given  I select the Terms link in the Google footer (passed : 2s)</div>]]>
    </line>
  </reporter-output>
  <suite started-at="2018-10-11T04:15:46Z" name="Default suite" finished-at="2018-10-11T04:18:55Z" duration-ms="188969">
    <groups>
      <group name="cucumber">
        <method signature="AbstractTestNGCucumberTests.run_cukes()[pri:0, instance:runner_cukes.RunCukesTest@31f9b85e]" name="run_cukes" class="cucumber.api.testng.AbstractTestNGCucumberTests"/>
      </group> <!-- cucumber -->
    </groups>
    <test started-at="2018-10-11T04:15:46Z" name="Default test" finished-at="2018-10-11T04:18:55Z" duration-ms="188969">
      <class name="runner_cukes.RunCukesTest">
        <test-method is-config="true" signature="initializeSuite(org.testng.ITestContext)[pri:0, instance:runner_cukes.RunCukesTest@31f9b85e]" started-at="2018-10-11T00:15:46Z" name="initializeSuite" finished-at="2018-10-11T00:15:46Z" duration-ms="11" status="PASS">
          <params>
            <param index="0">
              <value>
                <![CDATA[org.testng.TestRunner@17b6d426]]>
              </value>
            </param>
          </params>
          <reporter-output>
          </reporter-output>
        </test-method> <!-- initializeSuite -->
        <test-method signature="run_cukes()[pri:0, instance:runner_cukes.RunCukesTest@31f9b85e]" started-at="2018-10-11T00:15:46Z" name="run_cukes" description="Runs Cucumber Features" finished-at="2018-10-11T00:18:55Z" duration-ms="188958" status="PASS">
          <reporter-output>
            <line>
              <![CDATA[<div "featureFile">Feature File: features&#x2F;GoogleFooterLinkTest.feature</div>]]>
            </line>
            <line>
              <![CDATA[<div "feature">Feature: Google Footer links Checkup</div>]]>
            </line>
            <line>
              <![CDATA[<div "scenarioOutline">Scenario Outline: Selecting different footer links and checking the corresponding page</div>]]>
            </line>
            <line>
              <![CDATA[<div "result">When  I select &quot;&lt;footerLink_text&gt;&quot; link in the Google footer (passed : 1s)</div>]]>
            </line>
            <line>
              <![CDATA[<div "result">Then  I verified the selected Google page by the existence of the &quot;&lt;linkedPage_text&gt;&quot; text (passed : 0s)</div>]]>
            </line>
            <line>
              <![CDATA[<div "scenario">Scenario Outline: Selecting different footer links and checking the corresponding page</div>]]>
            </line>
            <line>
              <![CDATA[<div "result">Given  I launch the Google home page url (passed : 0s)</div>]]>
            </line>
            <line>
              <![CDATA[<div "result">And  I scroll down to the end of the page (passed : 2s)</div>]]>
            </line>
            <line>
              <![CDATA[<div "result">When  I select &quot;Privacy&quot; link in the Google footer (passed : 1s)</div>]]>
            </line>
            <line>
              <![CDATA[<div "result">Then  I verified the selected Google page by the existence of the &quot;This Privacy Policy is meant to help you understand what information we collect&quot; text (passed : 0s)</div>]]>
            </line>
            <line>
              <![CDATA[<div "scenario">Scenario Outline: Selecting different footer links and checking the corresponding page</div>]]>
            </line>
            <line>
              <![CDATA[<div "result">Given  I launch the Google home page url (passed : 0s)</div>]]>
            </line>
            <line>
              <![CDATA[<div "result">And  I scroll down to the end of the page (passed : 2s)</div>]]>
            </line>
            <line>
              <![CDATA[<div "scenarioOutline">Scenario Outline: Selecting different sublinks on the Google Terms footer link</div>]]>
            </line>
            <line>
              <![CDATA[<div "result">When  I select &quot;Terms&quot; link in the Google footer (passed : 1s)</div>]]>
            </line>
            <line>
              <![CDATA[<div "result">Then  I verified the selected Google page by the existence of the &quot;Google Terms of Service&quot; text (passed : 0s)</div>]]>
            </line>
            <line>
              <![CDATA[<div "scenario">Scenario Outline: Selecting different sublinks on the Google Terms footer link</div>]]>
            </line>
            <line>
              <![CDATA[<div "result">Given  I select the Terms link in the Google footer (passed : 0s)</div>]]>
            </line>
            <line>
              <![CDATA[<div "result">When  I click on a specific Terms of Service &quot;&lt;terms_Service&gt;&quot; link (passed : 0s)</div>]]>
            </line>
            <line>
              <![CDATA[<div "result">Then  I verified the selected &quot;&lt;terms_Service_Page&gt;&quot; detail (passed : 2s)</div>]]>
            </line>
            <line>
              <![CDATA[<div "result">Given  I launch the Google home page url (passed : 2s)</div>]]>
            </line>
            <line>
              <![CDATA[<div "result">And  I scroll down to the end of the page (passed : 0s)</div>]]>
            </line>
            <line>
              <![CDATA[<div "scenario">Scenario Outline: Selecting different sublinks on the Google Terms footer link</div>]]>
            </line>
            <line>
              <![CDATA[<div "result">Given  I select the Terms link in the Google footer (passed : 0s)</div>]]>
            </line>
            <line>
              <![CDATA[<div "result">When  I click on a specific Terms of Service &quot;Using our Services&quot; link (passed : 0s)</div>]]>
            </line>
            <line>
              <![CDATA[<div "result">Then  I verified the selected &quot;You must follow any policies made available&quot; detail (passed : 2s)</div>]]>
            </line>
            <line>
              <![CDATA[<div "result">Given  I launch the Google home page url (passed : 1s)</div>]]>
            </line>
            <line>
              <![CDATA[<div "result">And  I scroll down to the end of the page (passed : 0s)</div>]]>
            </line>
            <line>
              <![CDATA[<div "scenario">Scenario Outline: Selecting different sublinks on the Google Terms footer link</div>]]>
            </line>
            <line>
              <![CDATA[<div "result">Given  I select the Terms link in the Google footer (passed : 0s)</div>]]>
            </line>
            <line>
              <![CDATA[<div "result">When  I click on a specific Terms of Service &quot;Your Google Account&quot; link (passed : 0s)</div>]]>
            </line>
            <line>
              <![CDATA[<div "result">Then  I verified the selected &quot;You may need a Google Account in order&quot; detail (passed : 2s)</div>]]>
            </line>
            <line>
              <![CDATA[<div "result">Given  I launch the Google home page url (passed : 2s)</div>]]>
            </line>
            <line>
              <![CDATA[<div "result">And  I scroll down to the end of the page (passed : 0s)</div>]]>
            </line>
            <line>
              <![CDATA[<div "scenario">Scenario Outline: Selecting different sublinks on the Google Terms footer link</div>]]>
            </line>
            <line>
              <![CDATA[<div "result">Given  I select the Terms link in the Google footer (passed : 0s)</div>]]>
            </line>
            <line>
              <![CDATA[<div "result">When  I click on a specific Terms of Service &quot;Privacy and Copyright Protection&quot; link (passed : 0s)</div>]]>
            </line>
            <line>
              <![CDATA[<div "result">Then  I verified the selected &quot;We respond to notices of alleged copyright infringement&quot; detail (passed : 2s)</div>]]>
            </line>
            <line>
              <![CDATA[<div "result">Given  I launch the Google home page url (passed : 1s)</div>]]>
            </line>
            <line>
              <![CDATA[<div "result">And  I scroll down to the end of the page (passed : 0s)</div>]]>
            </line>
            <line>
              <![CDATA[<div "scenario">Scenario Outline: Selecting different sublinks on the Google Terms footer link</div>]]>
            </line>
            <line>
              <![CDATA[<div "result">Given  I select the Terms link in the Google footer (passed : 0s)</div>]]>
            </line>
            <line>
              <![CDATA[<div "result">When  I click on a specific Terms of Service &quot;Your Content in our Services&quot; link (passed : 0s)</div>]]>
            </line>
            <line>
              <![CDATA[<div "result">Then  I verified the selected &quot;you upload, submit, store, send or receive content&quot; detail (passed : 2s)</div>]]>
            </line>
            <line>
              <![CDATA[<div "result">Given  I launch the Google home page url (passed : 4s)</div>]]>
            </line>
            <line>
              <![CDATA[<div "result">And  I scroll down to the end of the page (passed : 0s)</div>]]>
            </line>
            <line>
              <![CDATA[<div "scenario">Scenario Outline: Selecting different sublinks on the Google Terms footer link</div>]]>
            </line>
            <line>
              <![CDATA[<div "result">Given  I select the Terms link in the Google footer (passed : 0s)</div>]]>
            </line>
            <line>
              <![CDATA[<div "result">When  I click on a specific Terms of Service &quot;About Software in our Services&quot; link (passed : 0s)</div>]]>
            </line>
            <line>
              <![CDATA[<div "result">Then  I verified the selected &quot;Google gives you a personal, worldwide&quot; detail (passed : 2s)</div>]]>
            </line>
            <line>
              <![CDATA[<div "result">Given  I launch the Google home page url (passed : 1s)</div>]]>
            </line>
            <line>
              <![CDATA[<div "result">And  I scroll down to the end of the page (passed : 0s)</div>]]>
            </line>
            <line>
              <![CDATA[<div "scenario">Scenario Outline: Selecting different sublinks on the Google Terms footer link</div>]]>
            </line>
            <line>
              <![CDATA[<div "result">Given  I select the Terms link in the Google footer (passed : 1s)</div>]]>
            </line>
            <line>
              <![CDATA[<div "result">When  I click on a specific Terms of Service &quot;Modifying and Terminating our Services&quot; link (passed : 0s)</div>]]>
            </line>
            <line>
              <![CDATA[<div "result">Then  I verified the selected &quot;We are constantly changing and improving our Services&quot; detail (passed : 2s)</div>]]>
            </line>
            <line>
              <![CDATA[<div "result">Given  I launch the Google home page url (passed : 2s)</div>]]>
            </line>
            <line>
              <![CDATA[<div "result">And  I scroll down to the end of the page (passed : 0s)</div>]]>
            </line>
            <line>
              <![CDATA[<div "scenario">Scenario Outline: Selecting different sublinks on the Google Terms footer link</div>]]>
            </line>
            <line>
              <![CDATA[<div "result">Given  I select the Terms link in the Google footer (passed : 0s)</div>]]>
            </line>
            <line>
              <![CDATA[<div "result">When  I click on a specific Terms of Service &quot;Our Warranties and Disclaimers&quot; link (passed : 0s)</div>]]>
            </line>
            <line>
              <![CDATA[<div "result">Then  I verified the selected &quot;We provide our Services using a commercially reasonable level of skill&quot; detail (passed : 2s)</div>]]>
            </line>
            <line>
              <![CDATA[<div "result">Given  I launch the Google home page url (passed : 1s)</div>]]>
            </line>
            <line>
              <![CDATA[<div "result">And  I scroll down to the end of the page (passed : 0s)</div>]]>
            </line>
            <line>
              <![CDATA[<div "scenario">Scenario Outline: Selecting different sublinks on the Google Terms footer link</div>]]>
            </line>
            <line>
              <![CDATA[<div "result">Given  I select the Terms link in the Google footer (passed : 0s)</div>]]>
            </line>
            <line>
              <![CDATA[<div "result">When  I click on a specific Terms of Service &quot;Liability for our Services&quot; link (passed : 0s)</div>]]>
            </line>
            <line>
              <![CDATA[<div "result">Then  I verified the selected &quot;TO THE EXTENT PERMITTED BY LAW&quot; detail (passed : 2s)</div>]]>
            </line>
            <line>
              <![CDATA[<div "result">Given  I launch the Google home page url (passed : 1s)</div>]]>
            </line>
            <line>
              <![CDATA[<div "result">And  I scroll down to the end of the page (passed : 0s)</div>]]>
            </line>
            <line>
              <![CDATA[<div "scenario">Scenario Outline: Selecting different sublinks on the Google Terms footer link</div>]]>
            </line>
            <line>
              <![CDATA[<div "result">Given  I select the Terms link in the Google footer (passed : 1s)</div>]]>
            </line>
            <line>
              <![CDATA[<div "result">When  I click on a specific Terms of Service &quot;Business uses of our Services&quot; link (passed : 0s)</div>]]>
            </line>
            <line>
              <![CDATA[<div "result">Then  I verified the selected &quot;If you are using our Services on behalf of a business&quot; detail (passed : 2s)</div>]]>
            </line>
            <line>
              <![CDATA[<div "result">Given  I launch the Google home page url (passed : 1s)</div>]]>
            </line>
            <line>
              <![CDATA[<div "result">And  I scroll down to the end of the page (passed : 0s)</div>]]>
            </line>
            <line>
              <![CDATA[<div "scenario">Scenario Outline: Selecting different sublinks on the Google Terms footer link</div>]]>
            </line>
            <line>
              <![CDATA[<div "result">Given  I select the Terms link in the Google footer (passed : 0s)</div>]]>
            </line>
            <line>
              <![CDATA[<div "result">When  I click on a specific Terms of Service &quot;About these Terms&quot; link (passed : 0s)</div>]]>
            </line>
            <line>
              <![CDATA[<div "result">Then  I verified the selected &quot;We may modify these terms or any additional terms&quot; detail (passed : 2s)</div>]]>
            </line>
            <line>
              <![CDATA[<div "scenarioOutline">Scenario Outline: Selecting different sublinks on the Google Technologies link</div>]]>
            </line>
            <line>
              <![CDATA[<div "result">Given  I launch the Google home page url (passed : 1s)</div>]]>
            </line>
            <line>
              <![CDATA[<div "result">And  I scroll down to the end of the page (passed : 0s)</div>]]>
            </line>
            <line>
              <![CDATA[<div "scenario">Scenario Outline: Selecting different sublinks on the Google Technologies link</div>]]>
            </line>
            <line>
              <![CDATA[<div "result">Given  I select the Terms link in the Google footer (passed : 0s)</div>]]>
            </line>
            <line>
              <![CDATA[<div "result">When  I click on a specific Terms of Service &quot;Updates&quot; link (passed : 0s)</div>]]>
            </line>
            <line>
              <![CDATA[<div "result">Then  I verified the selected &quot;Comparison&quot; detail (passed : 0s)</div>]]>
            </line>
            <line>
              <![CDATA[<div "result">Given  I select the Terms link in the Google footer (passed : 2s)</div>]]>
            </line>
            <line>
              <![CDATA[<div "result">When  I click on Technologies tab (passed : 1s)</div>]]>
            </line>
            <line>
              <![CDATA[<div "result">When  I click on a specific Technologies &quot;&lt;technologies&gt;&quot; link (passed : 0s)</div>]]>
            </line>
            <line>
              <![CDATA[<div "scenario">Scenario Outline: Selecting different sublinks on the Google Technologies link</div>]]>
            </line>
            <line>
              <![CDATA[<div "result">Then  I verified the selected &quot;&lt;technology_detail&gt;&quot; Technology detail (passed : 0s)</div>]]>
            </line>
            <line>
              <![CDATA[<div "result">Given  I launch the Google home page url (passed : 0s)</div>]]>
            </line>
            <line>
              <![CDATA[<div "result">And  I scroll down to the end of the page (passed : 0s)</div>]]>
            </line>
            <line>
              <![CDATA[<div "result">Given  I select the Terms link in the Google footer (passed : 2s)</div>]]>
            </line>
            <line>
              <![CDATA[<div "result">When  I click on Technologies tab (passed : 1s)</div>]]>
            </line>
            <line>
              <![CDATA[<div "result">When  I click on a specific Technologies &quot;Advertising&quot; link (passed : 0s)</div>]]>
            </line>
            <line>
              <![CDATA[<div "scenario">Scenario Outline: Selecting different sublinks on the Google Technologies link</div>]]>
            </line>
            <line>
              <![CDATA[<div "result">Then  I verified the selected &quot;Advertising keeps Google and many&quot; Technology detail (passed : 0s)</div>]]>
            </line>
            <line>
              <![CDATA[<div "result">Given  I launch the Google home page url (passed : 0s)</div>]]>
            </line>
            <line>
              <![CDATA[<div "result">And  I scroll down to the end of the page (passed : 0s)</div>]]>
            </line>
            <line>
              <![CDATA[<div "result">Given  I select the Terms link in the Google footer (passed : 2s)</div>]]>
            </line>
            <line>
              <![CDATA[<div "result">When  I click on Technologies tab (passed : 2s)</div>]]>
            </line>
            <line>
              <![CDATA[<div "result">When  I click on a specific Technologies &quot;How Google uses cookies&quot; link (passed : 0s)</div>]]>
            </line>
            <line>
              <![CDATA[<div "scenario">Scenario Outline: Selecting different sublinks on the Google Technologies link</div>]]>
            </line>
            <line>
              <![CDATA[<div "result">Then  I verified the selected &quot;A cookie is a small piece of text sent&quot; Technology detail (passed : 0s)</div>]]>
            </line>
            <line>
              <![CDATA[<div "result">Given  I launch the Google home page url (passed : 0s)</div>]]>
            </line>
            <line>
              <![CDATA[<div "result">And  I scroll down to the end of the page (passed : 0s)</div>]]>
            </line>
            <line>
              <![CDATA[<div "result">Given  I select the Terms link in the Google footer (passed : 2s)</div>]]>
            </line>
            <line>
              <![CDATA[<div "result">When  I click on Technologies tab (passed : 1s)</div>]]>
            </line>
            <line>
              <![CDATA[<div "result">When  I click on a specific Technologies &quot;How Google uses pattern recognition&quot; link (passed : 0s)</div>]]>
            </line>
            <line>
              <![CDATA[<div "scenario">Scenario Outline: Selecting different sublinks on the Google Technologies link</div>]]>
            </line>
            <line>
              <![CDATA[<div "result">Then  I verified the selected &quot;A computer might also be trained&quot; Technology detail (passed : 0s)</div>]]>
            </line>
            <line>
              <![CDATA[<div "result">Given  I launch the Google home page url (passed : 0s)</div>]]>
            </line>
            <line>
              <![CDATA[<div "result">And  I scroll down to the end of the page (passed : 0s)</div>]]>
            </line>
            <line>
              <![CDATA[<div "result">Given  I select the Terms link in the Google footer (passed : 2s)</div>]]>
            </line>
            <line>
              <![CDATA[<div "result">When  I click on Technologies tab (passed : 1s)</div>]]>
            </line>
            <line>
              <![CDATA[<div "result">When  I click on a specific Technologies &quot;Types of location data used by Google&quot; link (passed : 0s)</div>]]>
            </line>
            <line>
              <![CDATA[<div "scenario">Scenario Outline: Selecting different sublinks on the Google Technologies link</div>]]>
            </line>
            <line>
              <![CDATA[<div "result">Then  I verified the selected &quot;We may collect and use a few types&quot; Technology detail (passed : 0s)</div>]]>
            </line>
            <line>
              <![CDATA[<div "result">Given  I launch the Google home page url (passed : 0s)</div>]]>
            </line>
            <line>
              <![CDATA[<div "result">And  I scroll down to the end of the page (passed : 0s)</div>]]>
            </line>
            <line>
              <![CDATA[<div "result">Given  I select the Terms link in the Google footer (passed : 2s)</div>]]>
            </line>
            <line>
              <![CDATA[<div "result">When  I click on Technologies tab (passed : 1s)</div>]]>
            </line>
            <line>
              <![CDATA[<div "result">When  I click on a specific Technologies &quot;How Google uses credit card numbers for payments&quot; link (passed : 0s)</div>]]>
            </line>
            <line>
              <![CDATA[<div "scenario">Scenario Outline: Selecting different sublinks on the Google Technologies link</div>]]>
            </line>
            <line>
              <![CDATA[<div "result">Then  I verified the selected &quot;Google uses the credit card and debit card&quot; Technology detail (passed : 0s)</div>]]>
            </line>
            <line>
              <![CDATA[<div "result">Given  I launch the Google home page url (passed : 0s)</div>]]>
            </line>
            <line>
              <![CDATA[<div "result">And  I scroll down to the end of the page (passed : 0s)</div>]]>
            </line>
            <line>
              <![CDATA[<div "result">Given  I select the Terms link in the Google footer (passed : 2s)</div>]]>
            </line>
            <line>
              <![CDATA[<div "result">When  I click on Technologies tab (passed : 1s)</div>]]>
            </line>
            <line>
              <![CDATA[<div "result">When  I click on a specific Technologies &quot;How Google Voice works&quot; link (passed : 0s)</div>]]>
            </line>
            <line>
              <![CDATA[<div "scenario">Scenario Outline: Selecting different sublinks on the Google Technologies link</div>]]>
            </line>
            <line>
              <![CDATA[<div "result">Then  I verified the selected &quot;Google Voice stores&quot; Technology detail (passed : 0s)</div>]]>
            </line>
            <line>
              <![CDATA[<div "result">Given  I launch the Google home page url (passed : 0s)</div>]]>
            </line>
            <line>
              <![CDATA[<div "result">And  I scroll down to the end of the page (passed : 0s)</div>]]>
            </line>
            <line>
              <![CDATA[<div "result">Given  I select the Terms link in the Google footer (passed : 2s)</div>]]>
            </line>
          </reporter-output>
        </test-method> <!-- run_cukes -->
        <test-method is-config="true" signature="afterSuite()[pri:0, instance:runner_cukes.RunCukesTest@31f9b85e]" started-at="2018-10-11T00:18:55Z" name="afterSuite" finished-at="2018-10-11T00:18:55Z" duration-ms="1" status="PASS">
          <reporter-output>
          </reporter-output>
        </test-method> <!-- afterSuite -->
      </class> <!-- runner_cukes.RunCukesTest -->
    </test> <!-- Default test -->
  </suite> <!-- Default suite -->
</testng-results>
